<?xml version="1.0" encoding="UTF-8"?>
<coverage generated="1726127597437" clover="3.2.0">
  <project timestamp="1726127597437" name="All files">
    <metrics statements="64" coveredstatements="64" conditionals="10" coveredconditionals="10" methods="22" coveredmethods="22" elements="96" coveredelements="96" complexity="0" loc="64" ncloc="64" packages="1" files="3" classes="3"/>
    <file name="FigureCalculator.js" path="D:\Backup\Programming Courses\BDT\backend-expert\math-api\src\FigureCalculator.js">
      <metrics statements="16" coveredstatements="16" conditionals="4" coveredconditionals="4" methods="7" coveredmethods="7"/>
      <line num="3" count="17" type="stmt"/>
      <line num="7" count="33" type="cond" truecount="2" falsecount="0"/>
      <line num="8" count="13" type="stmt"/>
      <line num="11" count="20" type="stmt"/>
      <line num="12" count="31" type="cond" truecount="2" falsecount="0"/>
      <line num="13" count="12" type="stmt"/>
      <line num="17" count="8" type="stmt"/>
      <line num="21" count="8" type="stmt"/>
      <line num="24" count="2" type="stmt"/>
      <line num="28" count="8" type="stmt"/>
      <line num="31" count="2" type="stmt"/>
      <line num="35" count="9" type="stmt"/>
      <line num="38" count="2" type="stmt"/>
      <line num="42" count="8" type="stmt"/>
      <line num="45" count="2" type="stmt"/>
      <line num="49" count="2" type="stmt"/>
    </file>
    <file name="MathBasic.js" path="D:\Backup\Programming Courses\BDT\backend-expert\math-api\src\MathBasic.js">
      <metrics statements="18" coveredstatements="18" conditionals="6" coveredconditionals="6" methods="6" coveredmethods="6"/>
      <line num="1" count="3" type="stmt"/>
      <line num="3" count="68" type="cond" truecount="2" falsecount="0"/>
      <line num="4" count="16" type="stmt"/>
      <line num="7" count="52" type="stmt"/>
      <line num="8" count="89" type="cond" truecount="2" falsecount="0"/>
      <line num="9" count="16" type="stmt"/>
      <line num="13" count="36" type="stmt"/>
      <line num="17" count="19" type="stmt"/>
      <line num="18" count="22" type="stmt"/>
      <line num="22" count="13" type="stmt"/>
      <line num="23" count="5" type="stmt"/>
      <line num="27" count="19" type="stmt"/>
      <line num="28" count="11" type="stmt"/>
      <line num="32" count="17" type="stmt"/>
      <line num="33" count="9" type="cond" truecount="2" falsecount="0"/>
      <line num="34" count="2" type="stmt"/>
      <line num="36" count="7" type="stmt"/>
      <line num="40" count="3" type="stmt"/>
    </file>
    <file name="createServer.js" path="D:\Backup\Programming Courses\BDT\backend-expert\math-api\src\createServer.js">
      <metrics statements="30" coveredstatements="30" conditionals="0" coveredconditionals="0" methods="9" coveredmethods="9"/>
      <line num="1" count="1" type="stmt"/>
      <line num="3" count="1" type="stmt"/>
      <line num="4" count="8" type="stmt"/>
      <line num="9" count="8" type="stmt"/>
      <line num="14" count="1" type="stmt"/>
      <line num="15" count="1" type="stmt"/>
      <line num="16" count="1" type="stmt"/>
      <line num="23" count="1" type="stmt"/>
      <line num="24" count="1" type="stmt"/>
      <line num="25" count="1" type="stmt"/>
      <line num="32" count="1" type="stmt"/>
      <line num="33" count="1" type="stmt"/>
      <line num="34" count="1" type="stmt"/>
      <line num="41" count="1" type="stmt"/>
      <line num="42" count="1" type="stmt"/>
      <line num="43" count="1" type="stmt"/>
      <line num="50" count="1" type="stmt"/>
      <line num="51" count="1" type="stmt"/>
      <line num="52" count="1" type="stmt"/>
      <line num="59" count="1" type="stmt"/>
      <line num="60" count="1" type="stmt"/>
      <line num="61" count="1" type="stmt"/>
      <line num="68" count="1" type="stmt"/>
      <line num="69" count="1" type="stmt"/>
      <line num="70" count="1" type="stmt"/>
      <line num="77" count="1" type="stmt"/>
      <line num="78" count="1" type="stmt"/>
      <line num="79" count="1" type="stmt"/>
      <line num="83" count="8" type="stmt"/>
      <line num="86" count="1" type="stmt"/>
    </file>
  </project>
</coverage>
