{"D:\\Backup\\Programming Courses\\BDT\\backend-expert\\math-api\\src\\FigureCalculator.js": {"path":"D:\\Backup\\Programming Courses\\BDT\\backend-expert\\math-api\\src\\FigureCalculator.js","statementMap":{"0":{"start":{"line":3,"column":8},"end":{"line":3,"column":36}},"1":{"start":{"line":7,"column":8},"end":{"line":9,"column":9}},"2":{"start":{"line":8,"column":12},"end":{"line":8,"column":84}},"3":{"start":{"line":11,"column":8},"end":{"line":15,"column":11}},"4":{"start":{"line":12,"column":12},"end":{"line":14,"column":13}},"5":{"start":{"line":13,"column":16},"end":{"line":13,"column":74}},"6":{"start":{"line":17,"column":8},"end":{"line":17,"column":20}},"7":{"start":{"line":21,"column":32},"end":{"line":21,"column":57}},"8":{"start":{"line":24,"column":8},"end":{"line":24,"column":79}},"9":{"start":{"line":28,"column":32},"end":{"line":28,"column":57}},"10":{"start":{"line":31,"column":8},"end":{"line":31,"column":55}},"11":{"start":{"line":35,"column":37},"end":{"line":35,"column":62}},"12":{"start":{"line":38,"column":8},"end":{"line":38,"column":76}},"13":{"start":{"line":42,"column":31},"end":{"line":42,"column":56}},"14":{"start":{"line":45,"column":8},"end":{"line":45,"column":81}},"15":{"start":{"line":49,"column":0},"end":{"line":49,"column":34}}},"fnMap":{"0":{"name":"(anonymous_0)","decl":{"start":{"line":2,"column":4},"end":{"line":2,"column":5}},"loc":{"start":{"line":2,"column":27},"end":{"line":4,"column":5}},"line":2},"1":{"name":"(anonymous_1)","decl":{"start":{"line":6,"column":4},"end":{"line":6,"column":5}},"loc":{"start":{"line":6,"column":41},"end":{"line":18,"column":5}},"line":6},"2":{"name":"(anonymous_2)","decl":{"start":{"line":11,"column":21},"end":{"line":11,"column":22}},"loc":{"start":{"line":11,"column":30},"end":{"line":15,"column":9}},"line":11},"3":{"name":"(anonymous_3)","decl":{"start":{"line":20,"column":4},"end":{"line":20,"column":5}},"loc":{"start":{"line":20,"column":41},"end":{"line":25,"column":5}},"line":20},"4":{"name":"(anonymous_4)","decl":{"start":{"line":27,"column":4},"end":{"line":27,"column":5}},"loc":{"start":{"line":27,"column":36},"end":{"line":32,"column":5}},"line":27},"5":{"name":"(anonymous_5)","decl":{"start":{"line":34,"column":4},"end":{"line":34,"column":5}},"loc":{"start":{"line":34,"column":40},"end":{"line":39,"column":5}},"line":34},"6":{"name":"(anonymous_6)","decl":{"start":{"line":41,"column":4},"end":{"line":41,"column":5}},"loc":{"start":{"line":41,"column":35},"end":{"line":46,"column":5}},"line":41}},"branchMap":{"0":{"loc":{"start":{"line":7,"column":8},"end":{"line":9,"column":9}},"type":"if","locations":[{"start":{"line":7,"column":8},"end":{"line":9,"column":9}},{"start":{},"end":{}}],"line":7},"1":{"loc":{"start":{"line":12,"column":12},"end":{"line":14,"column":13}},"type":"if","locations":[{"start":{"line":12,"column":12},"end":{"line":14,"column":13}},{"start":{},"end":{}}],"line":12}},"s":{"0":17,"1":33,"2":13,"3":20,"4":31,"5":12,"6":8,"7":8,"8":2,"9":8,"10":2,"11":9,"12":2,"13":8,"14":2,"15":2},"f":{"0":17,"1":33,"2":31,"3":8,"4":8,"5":9,"6":8},"b":{"0":[13,20],"1":[12,19]},"_coverageSchema":"1a1c01bbd47fc00a2c39e90264f33305004495a9","hash":"ccb36bd3e90a2806d8e1537ba3a6f919faff6c56"}
,"D:\\Backup\\Programming Courses\\BDT\\backend-expert\\math-api\\src\\MathBasic.js": {"path":"D:\\Backup\\Programming Courses\\BDT\\backend-expert\\math-api\\src\\MathBasic.js","statementMap":{"0":{"start":{"line":1,"column":18},"end":{"line":38,"column":1}},"1":{"start":{"line":3,"column":8},"end":{"line":5,"column":9}},"2":{"start":{"line":4,"column":12},"end":{"line":4,"column":72}},"3":{"start":{"line":7,"column":8},"end":{"line":11,"column":9}},"4":{"start":{"line":8,"column":12},"end":{"line":10,"column":13}},"5":{"start":{"line":9,"column":16},"end":{"line":9,"column":75}},"6":{"start":{"line":13,"column":8},"end":{"line":13,"column":20}},"7":{"start":{"line":17,"column":8},"end":{"line":17,"column":36}},"8":{"start":{"line":18,"column":8},"end":{"line":18,"column":57}},"9":{"start":{"line":18,"column":42},"end":{"line":18,"column":52}},"10":{"start":{"line":22,"column":23},"end":{"line":22,"column":50}},"11":{"start":{"line":23,"column":8},"end":{"line":23,"column":21}},"12":{"start":{"line":27,"column":23},"end":{"line":27,"column":50}},"13":{"start":{"line":28,"column":8},"end":{"line":28,"column":21}},"14":{"start":{"line":32,"column":23},"end":{"line":32,"column":50}},"15":{"start":{"line":33,"column":8},"end":{"line":35,"column":9}},"16":{"start":{"line":34,"column":12},"end":{"line":34,"column":70}},"17":{"start":{"line":36,"column":8},"end":{"line":36,"column":21}},"18":{"start":{"line":40,"column":0},"end":{"line":40,"column":27}}},"fnMap":{"0":{"name":"(anonymous_0)","decl":{"start":{"line":2,"column":19},"end":{"line":2,"column":20}},"loc":{"start":{"line":2,"column":54},"end":{"line":14,"column":5}},"line":2},"1":{"name":"(anonymous_1)","decl":{"start":{"line":16,"column":9},"end":{"line":16,"column":10}},"loc":{"start":{"line":16,"column":28},"end":{"line":19,"column":5}},"line":16},"2":{"name":"(anonymous_2)","decl":{"start":{"line":18,"column":27},"end":{"line":18,"column":28}},"loc":{"start":{"line":18,"column":42},"end":{"line":18,"column":52}},"line":18},"3":{"name":"(anonymous_3)","decl":{"start":{"line":21,"column":14},"end":{"line":21,"column":15}},"loc":{"start":{"line":21,"column":33},"end":{"line":24,"column":5}},"line":21},"4":{"name":"(anonymous_4)","decl":{"start":{"line":26,"column":14},"end":{"line":26,"column":15}},"loc":{"start":{"line":26,"column":33},"end":{"line":29,"column":5}},"line":26},"5":{"name":"(anonymous_5)","decl":{"start":{"line":31,"column":12},"end":{"line":31,"column":13}},"loc":{"start":{"line":31,"column":31},"end":{"line":37,"column":5}},"line":31}},"branchMap":{"0":{"loc":{"start":{"line":3,"column":8},"end":{"line":5,"column":9}},"type":"if","locations":[{"start":{"line":3,"column":8},"end":{"line":5,"column":9}},{"start":{},"end":{}}],"line":3},"1":{"loc":{"start":{"line":8,"column":12},"end":{"line":10,"column":13}},"type":"if","locations":[{"start":{"line":8,"column":12},"end":{"line":10,"column":13}},{"start":{},"end":{}}],"line":8},"2":{"loc":{"start":{"line":33,"column":8},"end":{"line":35,"column":9}},"type":"if","locations":[{"start":{"line":33,"column":8},"end":{"line":35,"column":9}},{"start":{},"end":{}}],"line":33}},"s":{"0":3,"1":68,"2":16,"3":52,"4":89,"5":16,"6":36,"7":19,"8":11,"9":22,"10":13,"11":5,"12":19,"13":11,"14":17,"15":9,"16":2,"17":7,"18":3},"f":{"0":68,"1":19,"2":22,"3":13,"4":19,"5":17},"b":{"0":[16,52],"1":[16,73],"2":[2,7]},"_coverageSchema":"1a1c01bbd47fc00a2c39e90264f33305004495a9","hash":"09e16fcc09475ec7c2e9b143ddad1790672c2eba"}
,"D:\\Backup\\Programming Courses\\BDT\\backend-expert\\math-api\\src\\createServer.js": {"path":"D:\\Backup\\Programming Courses\\BDT\\backend-expert\\math-api\\src\\createServer.js","statementMap":{"0":{"start":{"line":1,"column":13},"end":{"line":1,"column":34}},"1":{"start":{"line":3,"column":21},"end":{"line":84,"column":1}},"2":{"start":{"line":4,"column":19},"end":{"line":7,"column":6}},"3":{"start":{"line":9,"column":4},"end":{"line":82,"column":7}},"4":{"start":{"line":14,"column":33},"end":{"line":14,"column":47}},"5":{"start":{"line":15,"column":30},"end":{"line":15,"column":65}},"6":{"start":{"line":16,"column":16},"end":{"line":16,"column":45}},"7":{"start":{"line":23,"column":33},"end":{"line":23,"column":47}},"8":{"start":{"line":24,"column":30},"end":{"line":24,"column":70}},"9":{"start":{"line":25,"column":16},"end":{"line":25,"column":45}},"10":{"start":{"line":32,"column":33},"end":{"line":32,"column":47}},"11":{"start":{"line":33,"column":30},"end":{"line":33,"column":70}},"12":{"start":{"line":34,"column":16},"end":{"line":34,"column":45}},"13":{"start":{"line":41,"column":33},"end":{"line":41,"column":47}},"14":{"start":{"line":42,"column":30},"end":{"line":42,"column":68}},"15":{"start":{"line":43,"column":16},"end":{"line":43,"column":45}},"16":{"start":{"line":50,"column":42},"end":{"line":50,"column":56}},"17":{"start":{"line":51,"column":30},"end":{"line":51,"column":105}},"18":{"start":{"line":52,"column":16},"end":{"line":52,"column":45}},"19":{"start":{"line":59,"column":42},"end":{"line":59,"column":56}},"20":{"start":{"line":60,"column":30},"end":{"line":60,"column":100}},"21":{"start":{"line":61,"column":16},"end":{"line":61,"column":45}},"22":{"start":{"line":68,"column":47},"end":{"line":68,"column":61}},"23":{"start":{"line":69,"column":30},"end":{"line":69,"column":117}},"24":{"start":{"line":70,"column":16},"end":{"line":70,"column":45}},"25":{"start":{"line":77,"column":41},"end":{"line":77,"column":55}},"26":{"start":{"line":78,"column":30},"end":{"line":78,"column":98}},"27":{"start":{"line":79,"column":16},"end":{"line":79,"column":45}},"28":{"start":{"line":83,"column":4},"end":{"line":83,"column":18}},"29":{"start":{"line":86,"column":0},"end":{"line":86,"column":30}}},"fnMap":{"0":{"name":"(anonymous_0)","decl":{"start":{"line":3,"column":21},"end":{"line":3,"column":22}},"loc":{"start":{"line":3,"column":58},"end":{"line":84,"column":1}},"line":3},"1":{"name":"(anonymous_1)","decl":{"start":{"line":13,"column":21},"end":{"line":13,"column":22}},"loc":{"start":{"line":13,"column":43},"end":{"line":17,"column":13}},"line":13},"2":{"name":"(anonymous_2)","decl":{"start":{"line":22,"column":21},"end":{"line":22,"column":22}},"loc":{"start":{"line":22,"column":43},"end":{"line":26,"column":13}},"line":22},"3":{"name":"(anonymous_3)","decl":{"start":{"line":31,"column":21},"end":{"line":31,"column":22}},"loc":{"start":{"line":31,"column":43},"end":{"line":35,"column":13}},"line":31},"4":{"name":"(anonymous_4)","decl":{"start":{"line":40,"column":21},"end":{"line":40,"column":22}},"loc":{"start":{"line":40,"column":43},"end":{"line":44,"column":13}},"line":40},"5":{"name":"(anonymous_5)","decl":{"start":{"line":49,"column":21},"end":{"line":49,"column":22}},"loc":{"start":{"line":49,"column":43},"end":{"line":53,"column":13}},"line":49},"6":{"name":"(anonymous_6)","decl":{"start":{"line":58,"column":21},"end":{"line":58,"column":22}},"loc":{"start":{"line":58,"column":43},"end":{"line":62,"column":13}},"line":58},"7":{"name":"(anonymous_7)","decl":{"start":{"line":67,"column":21},"end":{"line":67,"column":22}},"loc":{"start":{"line":67,"column":43},"end":{"line":71,"column":13}},"line":67},"8":{"name":"(anonymous_8)","decl":{"start":{"line":76,"column":21},"end":{"line":76,"column":22}},"loc":{"start":{"line":76,"column":43},"end":{"line":80,"column":13}},"line":76}},"branchMap":{},"s":{"0":1,"1":1,"2":8,"3":8,"4":1,"5":1,"6":1,"7":1,"8":1,"9":1,"10":1,"11":1,"12":1,"13":1,"14":1,"15":1,"16":1,"17":1,"18":1,"19":1,"20":1,"21":1,"22":1,"23":1,"24":1,"25":1,"26":1,"27":1,"28":8,"29":1},"f":{"0":8,"1":1,"2":1,"3":1,"4":1,"5":1,"6":1,"7":1,"8":1},"b":{},"_coverageSchema":"1a1c01bbd47fc00a2c39e90264f33305004495a9","hash":"5620644a448ca355c5df085189b16db4262300d6"}
}
