TN:
SF:src\FigureCalculator.js
FN:2,(anonymous_0)
FN:6,(anonymous_1)
FN:11,(anonymous_2)
FN:20,(anonymous_3)
FN:27,(anonymous_4)
FN:34,(anonymous_5)
FN:41,(anonymous_6)
FNF:7
FNH:7
FNDA:17,(anonymous_0)
FNDA:33,(anonymous_1)
FNDA:31,(anonymous_2)
FNDA:8,(anonymous_3)
FNDA:8,(anonymous_4)
FNDA:9,(anonymous_5)
FNDA:8,(anonymous_6)
DA:3,17
DA:7,33
DA:8,13
DA:11,20
DA:12,31
DA:13,12
DA:17,8
DA:21,8
DA:24,2
DA:28,8
DA:31,2
DA:35,9
DA:38,2
DA:42,8
DA:45,2
DA:49,2
LF:16
LH:16
BRDA:7,0,0,13
BRDA:7,0,1,20
BRDA:12,1,0,12
BRDA:12,1,1,19
BRF:4
BRH:4
end_of_record
TN:
SF:src\MathBasic.js
FN:2,(anonymous_0)
FN:16,(anonymous_1)
FN:18,(anonymous_2)
FN:21,(anonymous_3)
FN:26,(anonymous_4)
FN:31,(anonymous_5)
FNF:6
FNH:6
FNDA:68,(anonymous_0)
FNDA:19,(anonymous_1)
FNDA:22,(anonymous_2)
FNDA:13,(anonymous_3)
FNDA:19,(anonymous_4)
FNDA:17,(anonymous_5)
DA:1,3
DA:3,68
DA:4,16
DA:7,52
DA:8,89
DA:9,16
DA:13,36
DA:17,19
DA:18,22
DA:22,13
DA:23,5
DA:27,19
DA:28,11
DA:32,17
DA:33,9
DA:34,2
DA:36,7
DA:40,3
LF:18
LH:18
BRDA:3,0,0,16
BRDA:3,0,1,52
BRDA:8,1,0,16
BRDA:8,1,1,73
BRDA:33,2,0,2
BRDA:33,2,1,7
BRF:6
BRH:6
end_of_record
TN:
SF:src\createServer.js
FN:3,(anonymous_0)
FN:13,(anonymous_1)
FN:22,(anonymous_2)
FN:31,(anonymous_3)
FN:40,(anonymous_4)
FN:49,(anonymous_5)
FN:58,(anonymous_6)
FN:67,(anonymous_7)
FN:76,(anonymous_8)
FNF:9
FNH:9
FNDA:8,(anonymous_0)
FNDA:1,(anonymous_1)
FNDA:1,(anonymous_2)
FNDA:1,(anonymous_3)
FNDA:1,(anonymous_4)
FNDA:1,(anonymous_5)
FNDA:1,(anonymous_6)
FNDA:1,(anonymous_7)
FNDA:1,(anonymous_8)
DA:1,1
DA:3,1
DA:4,8
DA:9,8
DA:14,1
DA:15,1
DA:16,1
DA:23,1
DA:24,1
DA:25,1
DA:32,1
DA:33,1
DA:34,1
DA:41,1
DA:42,1
DA:43,1
DA:50,1
DA:51,1
DA:52,1
DA:59,1
DA:60,1
DA:61,1
DA:68,1
DA:69,1
DA:70,1
DA:77,1
DA:78,1
DA:79,1
DA:83,8
DA:86,1
LF:30
LH:30
BRF:0
BRH:0
end_of_record
